2021-02-02 09:48:01,567 logger.py[line:50] INFO You had select Chrome browser.
2021-02-02 09:48:01,567 logger.py[line:50] INFO The test server url is: https://www.nhtest.com/
2021-02-02 09:48:05,141 logger.py[line:50] INFO Starting Chrome browser.
2021-02-02 09:48:05,535 logger.py[line:50] INFO Open url: https://www.nhtest.com/
2021-02-02 09:48:07,645 logger.py[line:50] INFO Maximize the current window.
2021-02-02 09:48:07,646 logger.py[line:50] INFO Set implicitly wait 10 seconds.
2021-02-02 09:48:07,718 logger.py[line:50] INFO Had find the element //*[@id="details-button"] successful 
2021-02-02 09:48:07,747 logger.py[line:50] INFO The element xpath=>//*[@id="details-button"] was clicked.
2021-02-02 09:48:08,050 logger.py[line:50] INFO Had take screenshot and save to folder : \screenshots
2021-02-02 09:48:11,060 logger.py[line:50] INFO Had find the element //*[@id="proceed-link"] successful 
2021-02-02 09:48:18,376 logger.py[line:50] INFO The element xpath=>//*[@id="proceed-link"] was clicked.
2021-02-02 09:48:18,876 logger.py[line:50] INFO Had take screenshot and save to folder : \screenshots
2021-02-02 09:48:21,887 logger.py[line:50] INFO Had find the element /html/body/div[1]/div/ul/li[3]/div/span successful 
2021-02-02 09:48:22,670 logger.py[line:50] INFO Had take screenshot and save to folder : \screenshots
2021-02-02 09:48:25,676 logger.py[line:50] INFO Had find the element /html/body/div[1]/div/ul/li[3]/div/span successful 
2021-02-02 09:48:27,583 logger.py[line:50] INFO Had take screenshot and save to folder : \screenshots
2021-02-02 09:48:30,593 logger.py[line:50] INFO Had find the element /html/body/div[1]/div/ul/li[3]/div/div/a[3] successful 
2021-02-02 09:48:30,763 logger.py[line:50] INFO The element xpath=>/html/body/div[1]/div/ul/li[3]/div/div/a[3] was clicked.
2021-02-02 09:48:31,624 logger.py[line:50] INFO Had take screenshot and save to folder : \screenshots
2021-02-02 09:48:34,638 logger.py[line:50] INFO Had find the element //*[@id="email"] successful 
2021-02-02 09:48:34,706 logger.py[line:50] INFO Had type ' 2770488802@qq.com ' in inputBox
2021-02-02 09:48:35,035 logger.py[line:50] INFO Had take screenshot and save to folder : \screenshots
2021-02-02 09:48:38,047 logger.py[line:50] INFO Had find the element //*[@id="password"] successful 
2021-02-02 09:48:38,104 logger.py[line:50] INFO Had type ' 123456 ' in inputBox
2021-02-02 09:48:38,449 logger.py[line:50] INFO Had take screenshot and save to folder : \screenshots
2021-02-02 09:48:41,467 logger.py[line:50] INFO Had find the element ' Login ' successful by id via value: saveButton 
2021-02-02 09:48:43,556 logger.py[line:50] INFO The element id=>saveButton was clicked.
2021-02-02 09:48:43,856 logger.py[line:50] INFO Had take screenshot and save to folder : \screenshots
2021-02-02 09:48:46,868 logger.py[line:50] INFO Had find the element //*[@id="querya"] successful 
2021-02-02 09:48:46,938 logger.py[line:50] INFO Had type ' flower earrings ' in inputBox
2021-02-02 09:48:47,259 logger.py[line:50] INFO Had take screenshot and save to folder : \screenshots
2021-02-02 09:48:56,632 logger.py[line:50] INFO Had take screenshot and save to folder : \screenshots
2021-02-02 09:49:09,645 logger.py[line:53] ERROR NoSuchElementException: Message: no such element: Unable to locate element: {"method":"xpath","selector":"//*[@id="J_Goods_List"]/div[1]/a/div[1]/img"}
  (Session info: chrome=88.0.4324.104)

2021-02-02 09:49:10,071 logger.py[line:50] INFO Had take screenshot and save to folder : \screenshots
