2021-02-04 14:41:17,646 logger.py[line:50] INFO You had select Chrome browser.
2021-02-04 14:41:17,646 logger.py[line:50] INFO The test server url is: https://www.nhtest.com/
2021-02-04 14:41:20,837 logger.py[line:50] INFO Starting Chrome browser.
2021-02-04 14:41:21,156 logger.py[line:50] INFO Open url: https://www.nhtest.com/
2021-02-04 14:41:23,281 logger.py[line:50] INFO Maximize the current window.
2021-02-04 14:41:23,282 logger.py[line:50] INFO Set implicitly wait 10 seconds.
2021-02-04 14:41:23,581 logger.py[line:50] INFO Had take screenshot and save to folder : \screenshots
2021-02-04 14:41:23,592 logger.py[line:50] INFO Had find the element //*[@id="details-button"] successful 
2021-02-04 14:41:23,619 logger.py[line:50] INFO The element xpath=>//*[@id="details-button"] was clicked.
2021-02-04 14:41:26,912 logger.py[line:50] INFO Had take screenshot and save to folder : \screenshots
2021-02-04 14:41:26,920 logger.py[line:50] INFO Had find the element //*[@id="proceed-link"] successful 
2021-02-04 14:41:35,714 logger.py[line:50] INFO The element xpath=>//*[@id="proceed-link"] was clicked.
2021-02-04 14:41:39,234 logger.py[line:50] INFO Had take screenshot and save to folder : \screenshots
2021-02-04 14:41:39,245 logger.py[line:50] INFO Had find the element //*[@id="modal-toRegister"]/div[2]/div[1] successful 
2021-02-04 14:41:39,273 logger.py[line:50] INFO The element xpath=>//*[@id="modal-toRegister"]/div[2]/div[1] was clicked.
2021-02-04 14:41:42,760 logger.py[line:50] INFO Had take screenshot and save to folder : \screenshots
2021-02-04 14:41:42,770 logger.py[line:50] INFO Had find the element //*[@id="g-head"]/div/p/a
 successful 
2021-02-04 14:41:45,432 logger.py[line:50] INFO The element xpath=>//*[@id="g-head"]/div/p/a
 was clicked.
