2021-07-01 18:06:33,888 logger.py[line:50] INFO Open url: https://www.nhtest.com/en/customer/account/login
2021-07-01 18:06:34,007 logger.py[line:50] INFO Maximize the current window.
2021-07-01 18:06:34,360 logger.py[line:50] INFO Had take screenshot and save to folder : \screenshots
2021-07-01 18:06:34,361 logger.py[line:50] INFO Set implicitly wait 10 seconds.
2021-07-01 18:06:37,369 logger.py[line:50] INFO Had find the element //*[@id="email"] successful 
2021-07-01 18:06:37,589 logger.py[line:50] INFO Had take screenshot and save to folder : \screenshots
2021-07-01 18:06:37,590 logger.py[line:50] INFO Had type ' 2770488802@qq.com ' in inputBox
2021-07-01 18:06:40,598 logger.py[line:50] INFO Had find the element //*[@id="password"] successful 
2021-07-01 18:06:40,814 logger.py[line:50] INFO Had take screenshot and save to folder : \screenshots
2021-07-01 18:06:40,815 logger.py[line:50] INFO Had type ' 123456 ' in inputBox
2021-07-01 18:06:43,965 logger.py[line:50] INFO Had take screenshot and save to folder : \screenshots
2021-07-01 18:06:43,972 logger.py[line:50] INFO Had find the element //*[@id="saveButton"] successful 
2021-07-01 18:06:48,269 logger.py[line:50] INFO The element xpath=>//*[@id="saveButton"] was clicked.
2021-07-01 18:06:55,383 logger.py[line:50] INFO Open url: https://www.nhtest.com/en/customer
2021-07-01 18:06:55,385 logger.py[line:50] INFO Maximize the current window.
2021-07-01 18:06:55,534 logger.py[line:50] INFO Had take screenshot and save to folder : \screenshots
2021-07-01 18:06:55,535 logger.py[line:50] INFO Set implicitly wait 10 seconds.
2021-07-01 18:06:58,703 logger.py[line:50] INFO Had take screenshot and save to folder : \screenshots
2021-07-01 18:06:58,713 logger.py[line:50] INFO Had find the element //*[@id="g-head"]/div/p/a successful 
2021-07-01 18:07:07,671 logger.py[line:50] INFO The element xpath=>//*[@id="g-head"]/div/p/a was clicked.
2021-07-01 18:07:11,030 logger.py[line:50] INFO Had take screenshot and save to folder : \screenshots
2021-07-01 18:07:11,040 logger.py[line:50] INFO Had find the element /html/body/div[1]/div/div/a[1] successful 
2021-07-01 18:07:13,719 logger.py[line:50] INFO The element xpath=>/html/body/div[1]/div/div/a[1] was clicked.
2021-07-01 18:07:16,867 logger.py[line:50] INFO Had take screenshot and save to folder : \screenshots
2021-07-01 18:07:16,878 logger.py[line:50] INFO Had find the element /html/body/div[6]/div[1]/div/ul/li[3]/a successful 
2021-07-01 18:07:19,304 logger.py[line:50] INFO The element xpath=>/html/body/div[6]/div[1]/div/ul/li[3]/a was clicked.
