2021-02-04 14:43:10,563 logger.py[line:50] INFO You had select Chrome browser.
2021-02-04 14:43:10,563 logger.py[line:50] INFO The test server url is: https://www.nhtest.com/
2021-02-04 14:43:13,736 logger.py[line:50] INFO Starting Chrome browser.
2021-02-04 14:43:13,912 logger.py[line:50] INFO Open url: https://www.nhtest.com/
2021-02-04 14:43:16,026 logger.py[line:50] INFO Maximize the current window.
2021-02-04 14:43:16,027 logger.py[line:50] INFO Set implicitly wait 10 seconds.
2021-02-04 14:43:16,313 logger.py[line:50] INFO Had take screenshot and save to folder : \screenshots
2021-02-04 14:43:16,322 logger.py[line:50] INFO Had find the element //*[@id="details-button"] successful 
2021-02-04 14:43:16,348 logger.py[line:50] INFO The element xpath=>//*[@id="details-button"] was clicked.
2021-02-04 14:43:19,646 logger.py[line:50] INFO Had take screenshot and save to folder : \screenshots
2021-02-04 14:43:19,656 logger.py[line:50] INFO Had find the element //*[@id="proceed-link"] successful 
2021-02-04 14:43:26,473 logger.py[line:50] INFO The element xpath=>//*[@id="proceed-link"] was clicked.
2021-02-04 14:43:30,019 logger.py[line:50] INFO Had take screenshot and save to folder : \screenshots
2021-02-04 14:43:30,030 logger.py[line:50] INFO Had find the element //*[@id="modal-toRegister"]/div[2]/div[1] successful 
2021-02-04 14:43:30,057 logger.py[line:50] INFO The element xpath=>//*[@id="modal-toRegister"]/div[2]/div[1] was clicked.
2021-02-04 14:43:33,675 logger.py[line:50] INFO Had take screenshot and save to folder : \screenshots
2021-02-04 14:43:33,686 logger.py[line:50] INFO Had find the element //*[@id="g-head"]/div/p/a
 successful 
2021-02-04 14:43:35,793 logger.py[line:50] INFO The element xpath=>//*[@id="g-head"]/div/p/a
 was clicked.
