2021-02-02 14:43:48,949 logger.py[line:50] INFO You had select Chrome browser.
2021-02-02 14:43:48,949 logger.py[line:50] INFO The test server url is: https://www.nhtest.com/
2021-02-02 14:43:52,128 logger.py[line:50] INFO Starting Chrome browser.
2021-02-02 14:43:52,335 logger.py[line:50] INFO Open url: https://www.nhtest.com/
2021-02-02 14:43:54,457 logger.py[line:50] INFO Maximize the current window.
2021-02-02 14:43:54,458 logger.py[line:50] INFO Set implicitly wait 10 seconds.
2021-02-02 14:43:54,778 logger.py[line:50] INFO Had take screenshot and save to folder : \screenshots
2021-02-02 14:43:54,787 logger.py[line:50] INFO Had find the element //*[@id="details-button"] successful 
2021-02-02 14:43:54,815 logger.py[line:50] INFO The element xpath=>//*[@id="details-button"] was clicked.
2021-02-02 14:43:58,108 logger.py[line:50] INFO Had take screenshot and save to folder : \screenshots
2021-02-02 14:43:58,116 logger.py[line:50] INFO Had find the element //*[@id="proceed-link"] successful 
2021-02-02 14:44:09,284 logger.py[line:50] INFO The element xpath=>//*[@id="proceed-link"] was clicked.
2021-02-02 14:44:12,301 logger.py[line:50] INFO Had find the element /html/body/div[1]/div/ul/li[3]/div/span successful 
2021-02-02 14:44:16,075 logger.py[line:50] INFO Had take screenshot and save to folder : \screenshots
2021-02-02 14:44:16,082 logger.py[line:50] INFO Had find the element /html/body/div[1]/div/ul/li[3]/div/span successful 
2021-02-02 14:44:20,996 logger.py[line:50] INFO Had take screenshot and save to folder : \screenshots
2021-02-02 14:44:21,007 logger.py[line:50] INFO Had find the element /html/body/div[1]/div/ul/li[3]/div/div/a[3] successful 
2021-02-02 14:44:21,204 logger.py[line:50] INFO The element xpath=>/html/body/div[1]/div/ul/li[3]/div/div/a[3] was clicked.
2021-02-02 14:44:24,215 logger.py[line:50] INFO Had find the element //*[@id="email"] successful 
2021-02-02 14:44:24,613 logger.py[line:50] INFO Had take screenshot and save to folder : \screenshots
2021-02-02 14:44:24,614 logger.py[line:50] INFO Had type ' 2770488802@qq.com ' in inputBox
2021-02-02 14:44:27,622 logger.py[line:50] INFO Had find the element //*[@id="password"] successful 
2021-02-02 14:44:28,013 logger.py[line:50] INFO Had take screenshot and save to folder : \screenshots
2021-02-02 14:44:28,014 logger.py[line:50] INFO Had type ' 123456 ' in inputBox
2021-02-02 14:44:31,347 logger.py[line:50] INFO Had take screenshot and save to folder : \screenshots
2021-02-02 14:44:31,364 logger.py[line:50] INFO Had find the element ' Login ' successful by id via value: saveButton 
2021-02-02 14:44:35,108 logger.py[line:50] INFO The element id=>saveButton was clicked.
2021-02-02 14:44:38,116 logger.py[line:50] INFO Had find the element //*[@id="querya"] successful 
2021-02-02 14:44:38,499 logger.py[line:50] INFO Had take screenshot and save to folder : \screenshots
2021-02-02 14:44:38,500 logger.py[line:50] INFO Had type ' flower earrings ' in inputBox
2021-02-02 14:45:07,106 logger.py[line:53] ERROR NoSuchElementException: Message: no such element: Unable to locate element: {"method":"xpath","selector":"//*[@id="J_Goods_List"]/div[1]/a/div[1]/img"}
  (Session info: chrome=88.0.4324.104)

2021-02-02 14:45:07,525 logger.py[line:50] INFO Had take screenshot and save to folder : \screenshots
