2021-02-03 13:57:16,402 logger.py[line:50] INFO You had select Chrome browser.
2021-02-03 13:57:16,402 logger.py[line:50] INFO The test server url is: https://www.nhtest.com/
2021-02-03 13:57:19,563 logger.py[line:50] INFO Starting Chrome browser.
2021-02-03 13:57:19,920 logger.py[line:50] INFO Open url: https://www.nhtest.com/
2021-02-03 13:57:22,034 logger.py[line:50] INFO Maximize the current window.
2021-02-03 13:57:22,036 logger.py[line:50] INFO Set implicitly wait 10 seconds.
2021-02-03 13:57:22,339 logger.py[line:50] INFO Had take screenshot and save to folder : \screenshots
2021-02-03 13:57:22,348 logger.py[line:50] INFO Had find the element //*[@id="details-button"] successful 
2021-02-03 13:57:22,375 logger.py[line:50] INFO The element xpath=>//*[@id="details-button"] was clicked.
2021-02-03 13:57:25,652 logger.py[line:50] INFO Had take screenshot and save to folder : \screenshots
2021-02-03 13:57:25,661 logger.py[line:50] INFO Had find the element //*[@id="proceed-link"] successful 
2021-02-03 13:57:34,631 logger.py[line:50] INFO The element xpath=>//*[@id="proceed-link"] was clicked.
2021-02-03 13:57:38,156 logger.py[line:50] INFO Had take screenshot and save to folder : \screenshots
2021-02-03 13:57:38,166 logger.py[line:50] INFO Had find the element //*[@id="modal-toRegister"]/div[2]/div[1] successful 
2021-02-03 13:57:38,194 logger.py[line:50] INFO The element xpath=>//*[@id="modal-toRegister"]/div[2]/div[1] was clicked.
2021-02-03 13:57:41,686 logger.py[line:50] INFO Had take screenshot and save to folder : \screenshots
2021-02-03 13:57:41,696 logger.py[line:50] INFO Had find the element //*[@id="g-head"]/div/p/a
 successful 
2021-02-03 13:57:45,012 logger.py[line:50] INFO The element xpath=>//*[@id="g-head"]/div/p/a
 was clicked.
