2021-02-03 11:24:45,638 logger.py[line:50] INFO You had select Chrome browser.
2021-02-03 11:24:45,638 logger.py[line:50] INFO The test server url is: https://www.nhtest.com/
2021-02-03 11:24:48,871 logger.py[line:50] INFO Starting Chrome browser.
2021-02-03 11:24:49,174 logger.py[line:50] INFO Open url: https://www.nhtest.com/
2021-02-03 11:24:51,289 logger.py[line:50] INFO Maximize the current window.
2021-02-03 11:24:51,290 logger.py[line:50] INFO Set implicitly wait 10 seconds.
2021-02-03 11:24:51,579 logger.py[line:50] INFO Had take screenshot and save to folder : \screenshots
2021-02-03 11:24:51,589 logger.py[line:50] INFO Had find the element //*[@id="details-button"] successful 
2021-02-03 11:24:51,609 logger.py[line:50] INFO The element xpath=>//*[@id="details-button"] was clicked.
2021-02-03 11:24:54,889 logger.py[line:50] INFO Had take screenshot and save to folder : \screenshots
2021-02-03 11:24:54,898 logger.py[line:50] INFO Had find the element //*[@id="proceed-link"] successful 
2021-02-03 11:25:21,183 logger.py[line:50] INFO The element xpath=>//*[@id="proceed-link"] was clicked.
2021-02-03 11:25:24,191 logger.py[line:50] INFO Had find the element /html/body/div[1]/div/ul/li[3]/div/span successful 
2021-02-03 11:25:27,942 logger.py[line:50] INFO Had take screenshot and save to folder : \screenshots
2021-02-03 11:25:27,949 logger.py[line:50] INFO Had find the element /html/body/div[1]/div/ul/li[3]/div/span successful 
2021-02-03 11:25:32,738 logger.py[line:50] INFO Had take screenshot and save to folder : \screenshots
2021-02-03 11:25:32,748 logger.py[line:50] INFO Had find the element /html/body/div[1]/div/ul/li[3]/div/div/a[3] successful 
2021-02-03 11:25:45,050 logger.py[line:50] INFO You had select Chrome browser.
2021-02-03 11:25:45,050 logger.py[line:50] INFO The test server url is: https://www.nhtest.com/
2021-02-03 11:25:48,221 logger.py[line:50] INFO Starting Chrome browser.
2021-02-03 11:25:48,443 logger.py[line:50] INFO Open url: https://www.nhtest.com/
2021-02-03 11:25:50,561 logger.py[line:50] INFO Maximize the current window.
2021-02-03 11:25:50,562 logger.py[line:50] INFO Set implicitly wait 10 seconds.
2021-02-03 11:25:50,856 logger.py[line:50] INFO Had take screenshot and save to folder : \screenshots
2021-02-03 11:25:50,865 logger.py[line:50] INFO Had find the element //*[@id="details-button"] successful 
2021-02-03 11:25:50,894 logger.py[line:50] INFO The element xpath=>//*[@id="details-button"] was clicked.
2021-02-03 11:25:54,208 logger.py[line:50] INFO Had take screenshot and save to folder : \screenshots
2021-02-03 11:25:54,216 logger.py[line:50] INFO Had find the element //*[@id="proceed-link"] successful 
2021-02-03 11:26:02,404 logger.py[line:50] INFO The element xpath=>//*[@id="proceed-link"] was clicked.
2021-02-03 11:26:05,413 logger.py[line:50] INFO Had find the element /html/body/div[1]/div/ul/li[3]/div/span successful 
2021-02-03 11:26:09,155 logger.py[line:50] INFO Had take screenshot and save to folder : \screenshots
2021-02-03 11:26:09,163 logger.py[line:50] INFO Had find the element /html/body/div[1]/div/ul/li[3]/div/span successful 
2021-02-03 11:26:13,956 logger.py[line:50] INFO Had take screenshot and save to folder : \screenshots
2021-02-03 11:26:13,965 logger.py[line:50] INFO Had find the element /html/body/div[1]/div/ul/li[3]/div/div/a[3] successful 
2021-02-03 11:26:14,176 logger.py[line:50] INFO The element xpath=>/html/body/div[1]/div/ul/li[3]/div/div/a[3] was clicked.
2021-02-03 11:26:17,192 logger.py[line:50] INFO Had find the element //*[@id="email"] successful 
2021-02-03 11:26:17,599 logger.py[line:50] INFO Had take screenshot and save to folder : \screenshots
2021-02-03 11:26:17,600 logger.py[line:50] INFO Had type ' 2770488802@qq.com ' in inputBox
2021-02-03 11:26:20,615 logger.py[line:50] INFO Had find the element //*[@id="password"] successful 
2021-02-03 11:26:21,010 logger.py[line:50] INFO Had take screenshot and save to folder : \screenshots
2021-02-03 11:26:21,011 logger.py[line:50] INFO Had type ' 123456 ' in inputBox
2021-02-03 11:26:24,330 logger.py[line:50] INFO Had take screenshot and save to folder : \screenshots
2021-02-03 11:26:24,348 logger.py[line:50] INFO Had find the element ' Login ' successful by id via value: saveButton 
2021-02-03 11:26:26,778 logger.py[line:50] INFO The element id=>saveButton was clicked.
2021-02-03 11:26:30,085 logger.py[line:50] INFO Had take screenshot and save to folder : \screenshots
2021-02-03 11:26:30,094 logger.py[line:50] INFO Had find the element //*[@id="g-head"]/div/p/a
 successful 
2021-02-03 11:26:31,975 logger.py[line:50] INFO The element xpath=>//*[@id="g-head"]/div/p/a
 was clicked.
2021-02-03 11:26:35,576 logger.py[line:50] INFO Had take screenshot and save to folder : \screenshots
2021-02-03 11:26:35,586 logger.py[line:50] INFO Had find the element /html/body/div[5]/div[1]/div/ul/li[1]/a/span/img successful 
2021-02-03 11:26:37,248 logger.py[line:50] INFO The element xpath=>/html/body/div[5]/div[1]/div/ul/li[1]/a/span/img was clicked.
2021-02-03 11:26:40,258 logger.py[line:50] INFO Had find the element //*[@id="J_Goods_List"]/div[2]/div[1]/a/img successful 
2021-02-03 11:26:44,020 logger.py[line:50] INFO Had take screenshot and save to folder : \screenshots
2021-02-03 11:26:44,030 logger.py[line:50] INFO Had find the element //*[@id="J_Goods_List"]/div[2]/div[3]/span successful 
2021-02-03 11:26:44,059 logger.py[line:50] INFO The element xpath=>//*[@id="J_Goods_List"]/div[2]/div[3]/span was clicked.
2021-02-03 11:26:49,256 logger.py[line:50] INFO You had select Chrome browser.
2021-02-03 11:26:49,256 logger.py[line:50] INFO The test server url is: https://www.nhtest.com/
2021-02-03 11:26:52,423 logger.py[line:50] INFO Starting Chrome browser.
2021-02-03 11:26:52,647 logger.py[line:50] INFO Open url: https://www.nhtest.com/
2021-02-03 11:26:54,760 logger.py[line:50] INFO Maximize the current window.
2021-02-03 11:26:54,761 logger.py[line:50] INFO Set implicitly wait 10 seconds.
2021-02-03 11:26:55,059 logger.py[line:50] INFO Had take screenshot and save to folder : \screenshots
2021-02-03 11:26:55,068 logger.py[line:50] INFO Had find the element //*[@id="details-button"] successful 
2021-02-03 11:26:55,095 logger.py[line:50] INFO The element xpath=>//*[@id="details-button"] was clicked.
2021-02-03 11:26:58,392 logger.py[line:50] INFO Had take screenshot and save to folder : \screenshots
2021-02-03 11:26:58,400 logger.py[line:50] INFO Had find the element //*[@id="proceed-link"] successful 
2021-02-03 11:27:06,724 logger.py[line:50] INFO The element xpath=>//*[@id="proceed-link"] was clicked.
2021-02-03 11:27:09,733 logger.py[line:50] INFO Had find the element /html/body/div[1]/div/ul/li[3]/div/span successful 
