2021-07-02 18:20:04,929 logger.py[line:50] INFO Open url: https://www.nhtest.com/en/customer/account/login
2021-07-02 18:20:04,932 logger.py[line:50] INFO Maximize the current window.
2021-07-02 18:20:05,090 logger.py[line:50] INFO Had take screenshot and save to folder : \screenshots
2021-07-02 18:20:05,091 logger.py[line:50] INFO Set implicitly wait 10 seconds.
2021-07-02 18:20:18,096 logger.py[line:53] ERROR NoSuchElementException: Message: no such element: Unable to locate element: {"method":"xpath","selector":"//*[@id="email"]"}
  (Session info: chrome=90.0.4430.212)

2021-07-02 18:20:18,232 logger.py[line:50] INFO Had take screenshot and save to folder : \screenshots
2021-07-02 18:20:38,353 logger.py[line:50] INFO Closing and quit the browser.
2021-07-02 18:20:46,791 logger.py[line:50] INFO Open url: https://www.nhtest.com/en/customer
2021-07-02 18:20:46,794 logger.py[line:50] INFO Maximize the current window.
2021-07-02 18:20:47,029 logger.py[line:50] INFO Had take screenshot and save to folder : \screenshots
2021-07-02 18:20:47,030 logger.py[line:50] INFO Set implicitly wait 10 seconds.
2021-07-02 18:20:50,230 logger.py[line:50] INFO Had take screenshot and save to folder : \screenshots
2021-07-02 18:20:50,239 logger.py[line:50] INFO Had find the element //*[@id="g-head"]/div/p/a successful 
2021-07-02 18:20:52,575 logger.py[line:50] INFO The element xpath=>//*[@id="g-head"]/div/p/a was clicked.
2021-07-02 18:20:55,863 logger.py[line:50] INFO Had take screenshot and save to folder : \screenshots
2021-07-02 18:20:55,874 logger.py[line:50] INFO Had find the element /html/body/div[1]/div/div/a[1] successful 
2021-07-02 18:20:58,768 logger.py[line:50] INFO The element xpath=>/html/body/div[1]/div/div/a[1] was clicked.
2021-07-02 18:21:01,902 logger.py[line:50] INFO Had take screenshot and save to folder : \screenshots
2021-07-02 18:21:01,911 logger.py[line:50] INFO Had find the element /html/body/div[6]/div[1]/div/ul/li[3]/a successful 
2021-07-02 18:21:04,455 logger.py[line:50] INFO The element xpath=>/html/body/div[6]/div[1]/div/ul/li[3]/a was clicked.
2021-07-02 18:21:07,583 logger.py[line:50] INFO Had take screenshot and save to folder : \screenshots
2021-07-02 18:21:07,591 logger.py[line:50] INFO Had find the element /html/body/div[6]/div[2]/div/div[2]/table/tbody/tr[1]/td[1] successful 
2021-07-02 18:21:09,987 logger.py[line:50] INFO The element xpath=>/html/body/div[6]/div[2]/div/div[2]/table/tbody/tr[1]/td[1] was clicked.
2021-07-02 18:21:13,117 logger.py[line:50] INFO Had take screenshot and save to folder : \screenshots
2021-07-02 18:21:13,126 logger.py[line:50] INFO Had find the element //*[@id="selectAllCheckbox"] successful 
2021-07-02 18:21:13,157 logger.py[line:50] INFO The element xpath=>//*[@id="selectAllCheckbox"] was clicked.
2021-07-02 18:21:16,316 logger.py[line:50] INFO Had take screenshot and save to folder : \screenshots
2021-07-02 18:21:16,325 logger.py[line:50] INFO Had find the element /html/body/div[6]/div/div/div[2]/div[1]/div[1]/div/button successful 
2021-07-02 18:21:16,357 logger.py[line:50] INFO The element xpath=>/html/body/div[6]/div/div/div[2]/div[1]/div[1]/div/button was clicked.
2021-07-02 18:21:19,504 logger.py[line:50] INFO Had take screenshot and save to folder : \screenshots
2021-07-02 18:21:19,515 logger.py[line:50] INFO Had find the element //*[@id="J_HeadCart"]/div/a successful 
2021-07-02 18:21:26,383 logger.py[line:50] INFO The element xpath=>//*[@id="J_HeadCart"]/div/a was clicked.
2021-07-02 18:21:49,459 logger.py[line:50] INFO Closing and quit the browser.
2021-07-02 18:21:57,756 logger.py[line:50] INFO Open url: https://www.nhtest.com/en/customer
2021-07-02 18:21:57,759 logger.py[line:50] INFO Maximize the current window.
2021-07-02 18:21:57,994 logger.py[line:50] INFO Had take screenshot and save to folder : \screenshots
2021-07-02 18:21:57,995 logger.py[line:50] INFO Set implicitly wait 10 seconds.
2021-07-02 18:22:01,207 logger.py[line:50] INFO Had take screenshot and save to folder : \screenshots
2021-07-02 18:22:01,218 logger.py[line:50] INFO Had find the element //*[@id="g-head"]/div/p/a successful 
2021-07-02 18:22:03,848 logger.py[line:50] INFO The element xpath=>//*[@id="g-head"]/div/p/a was clicked.
2021-07-02 18:22:07,098 logger.py[line:50] INFO Had take screenshot and save to folder : \screenshots
2021-07-02 18:22:07,109 logger.py[line:50] INFO Had find the element //*[@id="J_HeadCart"]/div/a successful 
2021-07-02 18:22:13,911 logger.py[line:50] INFO The element xpath=>//*[@id="J_HeadCart"]/div/a was clicked.
2021-07-02 18:22:17,094 logger.py[line:50] INFO Had take screenshot and save to folder : \screenshots
2021-07-02 18:22:17,105 logger.py[line:50] INFO Had find the element //*[@id="J_Total_Cart"]/div[2]/div[2]/a successful 
2021-07-02 18:22:17,208 logger.py[line:50] INFO The element xpath=>//*[@id="J_Total_Cart"]/div[2]/div[2]/a was clicked.
2021-07-02 18:22:20,388 logger.py[line:50] INFO Had take screenshot and save to folder : \screenshots
2021-07-02 18:22:20,399 logger.py[line:50] INFO Had find the element //*[@id="orderForm"]/div/div[3]/div[2]/div[15]/button successful 
2021-07-02 18:22:28,463 logger.py[line:50] INFO The element xpath=>//*[@id="orderForm"]/div/div[3]/div[2]/div[15]/button was clicked.
2021-07-02 18:22:31,654 logger.py[line:50] INFO Had take screenshot and save to folder : \screenshots
2021-07-02 18:22:31,663 logger.py[line:50] INFO Had find the element /html/body/div[4]/div[1]/div[1]/div[9]/div[1]/i successful 
2021-07-02 18:22:31,704 logger.py[line:50] INFO The element xpath=>/html/body/div[4]/div[1]/div[1]/div[9]/div[1]/i was clicked.
2021-07-02 18:22:34,850 logger.py[line:50] INFO Had take screenshot and save to folder : \screenshots
2021-07-02 18:22:34,859 logger.py[line:50] INFO Had find the element //*[@id="payJump"] successful 
2021-07-02 18:22:41,621 logger.py[line:50] INFO The element xpath=>//*[@id="payJump"] was clicked.
2021-07-02 18:22:44,803 logger.py[line:50] INFO Had take screenshot and save to folder : \screenshots
2021-07-02 18:22:44,813 logger.py[line:50] INFO Had find the element //*[@id="J_Card_Modal"]/div/span[1] successful 
2021-07-02 18:22:44,842 logger.py[line:50] INFO The element xpath=>//*[@id="J_Card_Modal"]/div/span[1] was clicked.
2021-07-02 18:23:07,915 logger.py[line:50] INFO Closing and quit the browser.
2021-07-02 18:23:07,916 logger.py[line:50] INFO Now, Close and quit the browser.
