2021-03-01 10:30:09,808 logger.py[line:50] INFO Open url: https://www.nhtest.com/
2021-03-01 10:30:11,922 logger.py[line:50] INFO Maximize the current window.
2021-03-01 10:30:11,923 logger.py[line:50] INFO Set implicitly wait 10 seconds.
2021-03-01 10:30:12,278 logger.py[line:50] INFO Had take screenshot and save to folder : \screenshots
2021-03-01 10:30:12,287 logger.py[line:50] INFO Had find the element //*[@id="details-button"] successful 
2021-03-01 10:30:12,313 logger.py[line:50] INFO The element xpath=>//*[@id="details-button"] was clicked.
2021-03-01 10:30:15,591 logger.py[line:50] INFO Had take screenshot and save to folder : \screenshots
2021-03-01 10:30:15,598 logger.py[line:50] INFO Had find the element //*[@id="proceed-link"] successful 
2021-03-01 10:30:22,956 logger.py[line:50] INFO The element xpath=>//*[@id="proceed-link"] was clicked.
2021-03-01 10:30:25,965 logger.py[line:50] INFO Had find the element /html/body/div[1]/div/ul/li[3]/div/span successful 
2021-03-01 10:30:29,755 logger.py[line:50] INFO Had take screenshot and save to folder : \screenshots
2021-03-01 10:30:29,762 logger.py[line:50] INFO Had find the element /html/body/div[1]/div/ul/li[3]/div/span successful 
2021-03-01 10:30:34,583 logger.py[line:50] INFO Had take screenshot and save to folder : \screenshots
2021-03-01 10:30:34,592 logger.py[line:50] INFO Had find the element /html/body/div[1]/div/ul/li[3]/div/div/a[3] successful 
2021-03-01 10:30:34,844 logger.py[line:50] INFO The element xpath=>/html/body/div[1]/div/ul/li[3]/div/div/a[3] was clicked.
2021-03-01 10:30:37,853 logger.py[line:50] INFO Had find the element //*[@id="email"] successful 
2021-03-01 10:30:38,243 logger.py[line:50] INFO Had take screenshot and save to folder : \screenshots
2021-03-01 10:30:38,244 logger.py[line:50] INFO Had type ' 2770488802@qq.com ' in inputBox
2021-03-01 10:30:41,252 logger.py[line:50] INFO Had find the element //*[@id="password"] successful 
2021-03-01 10:30:41,640 logger.py[line:50] INFO Had take screenshot and save to folder : \screenshots
2021-03-01 10:30:41,641 logger.py[line:50] INFO Had type ' 123456 ' in inputBox
2021-03-01 10:30:44,960 logger.py[line:50] INFO Had take screenshot and save to folder : \screenshots
2021-03-01 10:30:44,977 logger.py[line:50] INFO Had find the element ' Login ' successful by id via value: saveButton 
2021-03-01 10:30:47,597 logger.py[line:50] INFO The element id=>saveButton was clicked.
2021-03-01 10:30:50,896 logger.py[line:50] INFO Had take screenshot and save to folder : \screenshots
2021-03-01 10:30:50,905 logger.py[line:50] INFO Had find the element //*[@id="g-head"]/div/p/a
 successful 
2021-03-01 10:30:52,322 logger.py[line:50] INFO The element xpath=>//*[@id="g-head"]/div/p/a
 was clicked.
2021-03-01 10:30:55,918 logger.py[line:50] INFO Had take screenshot and save to folder : \screenshots
2021-03-01 10:30:55,928 logger.py[line:50] INFO Had find the element /html/body/div[5]/div[1]/div/ul/li[1]/a/span/img successful 
2021-03-01 10:30:58,564 logger.py[line:50] INFO The element xpath=>/html/body/div[5]/div[1]/div/ul/li[1]/a/span/img was clicked.
2021-03-01 10:31:01,573 logger.py[line:50] INFO Had find the element //*[@id="J_Goods_List"]/div[2]/div[1]/a/img successful 
2021-03-01 10:31:05,342 logger.py[line:50] INFO Had take screenshot and save to folder : \screenshots
2021-03-01 10:31:05,351 logger.py[line:50] INFO Had find the element //*[@id="J_Goods_List"]/div[2]/div[3]/span successful 
2021-03-01 10:31:05,381 logger.py[line:50] INFO The element xpath=>//*[@id="J_Goods_List"]/div[2]/div[3]/span was clicked.
2021-03-01 10:31:08,391 logger.py[line:50] INFO Had find the element //*[@id="J_Card_Modal"]/div[1]/div[2]/div[3]/div/div/table/tbody/tr[1]/td[4]/div/input[2] successful 
2021-03-01 10:31:08,859 logger.py[line:50] INFO Had take screenshot and save to folder : \screenshots
2021-03-01 10:31:08,860 logger.py[line:50] INFO Had type ' 1862 ' in inputBox
2021-03-01 10:31:12,274 logger.py[line:50] INFO Had take screenshot and save to folder : \screenshots
2021-03-01 10:31:12,283 logger.py[line:50] INFO Had find the element //*[@id="AddToCart"] successful 
2021-03-01 10:31:12,371 logger.py[line:50] INFO The element xpath=>//*[@id="AddToCart"] was clicked.
2021-03-01 10:31:15,851 logger.py[line:50] INFO Had take screenshot and save to folder : \screenshots
2021-03-01 10:31:17,362 logger.py[line:50] INFO The element class_name=>cart was clicked.
2021-03-01 10:31:20,768 logger.py[line:50] INFO Had take screenshot and save to folder : \screenshots
2021-03-01 10:31:20,854 logger.py[line:50] INFO The element class_name=>checkout-btn was clicked.
2021-03-01 10:31:24,254 logger.py[line:50] INFO Had take screenshot and save to folder : \screenshots
2021-03-01 10:31:24,308 logger.py[line:50] INFO The element class_name=>now-btn was clicked.
2021-03-01 10:31:27,602 logger.py[line:50] INFO Had take screenshot and save to folder : \screenshots
2021-03-01 10:31:37,628 logger.py[line:53] ERROR NoSuchElementException: Message: no such element: Unable to locate element: {"method":"xpath","selector":"//*[@id="payJump"]"}
  (Session info: chrome=88.0.4324.104)

2021-03-01 10:31:37,934 logger.py[line:50] INFO Had take screenshot and save to folder : \screenshots
