2021-02-04 14:39:49,176 logger.py[line:50] INFO You had select Chrome browser.
2021-02-04 14:39:49,176 logger.py[line:50] INFO The test server url is: https://www.nhtest.com/
2021-02-04 14:39:52,328 logger.py[line:50] INFO Starting Chrome browser.
2021-02-04 14:39:52,558 logger.py[line:50] INFO Open url: https://www.nhtest.com/
2021-02-04 14:39:54,674 logger.py[line:50] INFO Maximize the current window.
2021-02-04 14:39:54,675 logger.py[line:50] INFO Set implicitly wait 10 seconds.
2021-02-04 14:39:54,981 logger.py[line:50] INFO Had take screenshot and save to folder : \screenshots
2021-02-04 14:39:54,990 logger.py[line:50] INFO Had find the element //*[@id="details-button"] successful 
2021-02-04 14:39:55,019 logger.py[line:50] INFO The element xpath=>//*[@id="details-button"] was clicked.
2021-02-04 14:39:58,297 logger.py[line:50] INFO Had take screenshot and save to folder : \screenshots
2021-02-04 14:39:58,305 logger.py[line:50] INFO Had find the element //*[@id="proceed-link"] successful 
2021-02-04 14:40:06,161 logger.py[line:50] INFO The element xpath=>//*[@id="proceed-link"] was clicked.
2021-02-04 14:40:09,686 logger.py[line:50] INFO Had take screenshot and save to folder : \screenshots
2021-02-04 14:40:09,697 logger.py[line:50] INFO Had find the element //*[@id="modal-toRegister"]/div[2]/div[1] successful 
2021-02-04 14:40:09,729 logger.py[line:50] INFO The element xpath=>//*[@id="modal-toRegister"]/div[2]/div[1] was clicked.
2021-02-04 14:40:13,259 logger.py[line:50] INFO Had take screenshot and save to folder : \screenshots
2021-02-04 14:40:13,269 logger.py[line:50] INFO Had find the element //*[@id="g-head"]/div/p/a
 successful 
2021-02-04 14:40:14,578 logger.py[line:50] INFO The element xpath=>//*[@id="g-head"]/div/p/a
 was clicked.
