2021-07-02 16:29:42,474 logger.py[line:50] INFO Open url: https://www.nhtest.com/en/customer/account/login
2021-07-02 16:29:42,478 logger.py[line:50] INFO Maximize the current window.
2021-07-02 16:29:42,632 logger.py[line:50] INFO Had take screenshot and save to folder : \screenshots
2021-07-02 16:29:42,633 logger.py[line:50] INFO Set implicitly wait 10 seconds.
2021-07-02 16:29:55,679 logger.py[line:53] ERROR NoSuchElementException: Message: no such element: Unable to locate element: {"method":"xpath","selector":"//*[@id="email"]"}
  (Session info: chrome=90.0.4430.212)

2021-07-02 16:29:55,816 logger.py[line:50] INFO Had take screenshot and save to folder : \screenshots
2021-07-02 16:30:15,993 logger.py[line:50] INFO Closing and quit the browser.
2021-07-02 16:30:21,475 logger.py[line:50] INFO Open url: https://www.nhtest.com/en/customer
2021-07-02 16:30:21,479 logger.py[line:50] INFO Maximize the current window.
2021-07-02 16:30:21,695 logger.py[line:50] INFO Had take screenshot and save to folder : \screenshots
2021-07-02 16:30:21,696 logger.py[line:50] INFO Set implicitly wait 10 seconds.
2021-07-02 16:30:24,896 logger.py[line:50] INFO Had take screenshot and save to folder : \screenshots
2021-07-02 16:30:24,907 logger.py[line:50] INFO Had find the element //*[@id="g-head"]/div/p/a successful 
2021-07-02 16:30:27,320 logger.py[line:50] INFO The element xpath=>//*[@id="g-head"]/div/p/a was clicked.
2021-07-02 16:30:30,577 logger.py[line:50] INFO Had take screenshot and save to folder : \screenshots
2021-07-02 16:30:30,588 logger.py[line:50] INFO Had find the element /html/body/div[1]/div/div/a[1] successful 
2021-07-02 16:30:33,477 logger.py[line:50] INFO The element xpath=>/html/body/div[1]/div/div/a[1] was clicked.
2021-07-02 16:30:36,615 logger.py[line:50] INFO Had take screenshot and save to folder : \screenshots
2021-07-02 16:30:36,624 logger.py[line:50] INFO Had find the element /html/body/div[6]/div[1]/div/ul/li[3]/a successful 
2021-07-02 16:30:38,622 logger.py[line:50] INFO The element xpath=>/html/body/div[6]/div[1]/div/ul/li[3]/a was clicked.
2021-07-02 16:30:41,765 logger.py[line:50] INFO Had take screenshot and save to folder : \screenshots
2021-07-02 16:30:41,774 logger.py[line:50] INFO Had find the element /html/body/div[6]/div[2]/div/div[2]/table/tbody/tr[1]/td[1] successful 
2021-07-02 16:30:43,763 logger.py[line:50] INFO The element xpath=>/html/body/div[6]/div[2]/div/div[2]/table/tbody/tr[1]/td[1] was clicked.
2021-07-02 16:30:46,901 logger.py[line:50] INFO Had take screenshot and save to folder : \screenshots
2021-07-02 16:30:46,911 logger.py[line:50] INFO Had find the element //*[@id="selectAllCheckbox"] successful 
2021-07-02 16:30:46,940 logger.py[line:50] INFO The element xpath=>//*[@id="selectAllCheckbox"] was clicked.
2021-07-02 16:30:50,081 logger.py[line:50] INFO Had take screenshot and save to folder : \screenshots
2021-07-02 16:30:50,090 logger.py[line:50] INFO Had find the element /html/body/div[6]/div/div/div[2]/div[1]/div[1]/div/button successful 
2021-07-02 16:30:50,122 logger.py[line:50] INFO The element xpath=>/html/body/div[6]/div/div/div[2]/div[1]/div[1]/div/button was clicked.
2021-07-02 16:30:53,271 logger.py[line:50] INFO Had take screenshot and save to folder : \screenshots
2021-07-02 16:30:53,282 logger.py[line:50] INFO Had find the element //*[@id="J_HeadCart"]/div/a successful 
2021-07-02 16:30:56,129 logger.py[line:50] INFO The element xpath=>//*[@id="J_HeadCart"]/div/a was clicked.
2021-07-02 16:30:59,367 logger.py[line:50] INFO Closing and quit the browser.
2021-07-02 16:31:04,230 logger.py[line:50] INFO Open url: https://www.nhtest.com/en/customer
2021-07-02 16:31:04,234 logger.py[line:50] INFO Maximize the current window.
2021-07-02 16:31:04,447 logger.py[line:50] INFO Had take screenshot and save to folder : \screenshots
2021-07-02 16:31:04,448 logger.py[line:50] INFO Set implicitly wait 10 seconds.
2021-07-02 16:31:07,648 logger.py[line:50] INFO Had take screenshot and save to folder : \screenshots
2021-07-02 16:31:07,658 logger.py[line:50] INFO Had find the element //*[@id="g-head"]/div/p/a successful 
2021-07-02 16:31:10,460 logger.py[line:50] INFO The element xpath=>//*[@id="g-head"]/div/p/a was clicked.
2021-07-02 16:31:13,715 logger.py[line:50] INFO Had take screenshot and save to folder : \screenshots
2021-07-02 16:31:13,727 logger.py[line:50] INFO Had find the element //*[@id="J_HeadCart"]/div/a successful 
2021-07-02 16:31:15,907 logger.py[line:50] INFO The element xpath=>//*[@id="J_HeadCart"]/div/a was clicked.
2021-07-02 16:31:19,100 logger.py[line:50] INFO Had take screenshot and save to folder : \screenshots
2021-07-02 16:31:19,112 logger.py[line:50] INFO Had find the element //*[@id="J_Total_Cart"]/div[2]/div[2]/a successful 
2021-07-02 16:31:19,227 logger.py[line:50] INFO The element xpath=>//*[@id="J_Total_Cart"]/div[2]/div[2]/a was clicked.
2021-07-02 16:31:22,421 logger.py[line:50] INFO Had take screenshot and save to folder : \screenshots
2021-07-02 16:31:24,446 logger.py[line:50] INFO Had find the element //*[@id="orderForm"]/div/div[3]/div[2]/div[15]/button successful 
2021-07-02 16:31:28,888 logger.py[line:50] INFO The element xpath=>//*[@id="orderForm"]/div/div[3]/div[2]/div[15]/button was clicked.
2021-07-02 16:31:32,074 logger.py[line:50] INFO Had take screenshot and save to folder : \screenshots
2021-07-02 16:31:32,084 logger.py[line:50] INFO Had find the element /html/body/div[4]/div[1]/div[1]/div[9]/div[1]/i successful 
2021-07-02 16:31:32,130 logger.py[line:50] INFO The element xpath=>/html/body/div[4]/div[1]/div[1]/div[9]/div[1]/i was clicked.
2021-07-02 16:31:35,267 logger.py[line:50] INFO Had take screenshot and save to folder : \screenshots
2021-07-02 16:31:35,275 logger.py[line:50] INFO Had find the element //*[@id="payJump"] successful 
2021-07-02 16:31:37,680 logger.py[line:50] INFO The element xpath=>//*[@id="payJump"] was clicked.
2021-07-02 16:31:40,859 logger.py[line:50] INFO Had take screenshot and save to folder : \screenshots
2021-07-02 16:31:40,869 logger.py[line:50] INFO Had find the element //*[@id="J_Card_Modal"]/div/span[1] successful 
2021-07-02 16:31:40,899 logger.py[line:50] INFO The element xpath=>//*[@id="J_Card_Modal"]/div/span[1] was clicked.
2021-07-02 16:32:03,977 logger.py[line:50] INFO Closing and quit the browser.
2021-07-02 16:32:03,979 logger.py[line:50] INFO Now, Close and quit the browser.
