2021-02-03 13:47:47,285 logger.py[line:50] INFO You had select Chrome browser.
2021-02-03 13:47:47,285 logger.py[line:50] INFO The test server url is: https://www.nhtest.com/
2021-02-03 13:47:50,511 logger.py[line:50] INFO Starting Chrome browser.
2021-02-03 13:47:50,731 logger.py[line:50] INFO Open url: https://www.nhtest.com/
2021-02-03 13:47:52,856 logger.py[line:50] INFO Maximize the current window.
2021-02-03 13:47:52,857 logger.py[line:50] INFO Set implicitly wait 10 seconds.
2021-02-03 13:47:53,155 logger.py[line:50] INFO Had take screenshot and save to folder : \screenshots
2021-02-03 13:47:53,164 logger.py[line:50] INFO Had find the element //*[@id="details-button"] successful 
2021-02-03 13:47:53,191 logger.py[line:50] INFO The element xpath=>//*[@id="details-button"] was clicked.
2021-02-03 13:47:56,470 logger.py[line:50] INFO Had take screenshot and save to folder : \screenshots
2021-02-03 13:47:56,478 logger.py[line:50] INFO Had find the element //*[@id="proceed-link"] successful 
2021-02-03 13:48:05,427 logger.py[line:50] INFO The element xpath=>//*[@id="proceed-link"] was clicked.
2021-02-03 13:48:08,962 logger.py[line:50] INFO Had take screenshot and save to folder : \screenshots
2021-02-03 13:48:08,973 logger.py[line:50] INFO Had find the element //*[@id="modal-toRegister"]/div[2]/div[1] successful 
2021-02-03 13:48:09,006 logger.py[line:50] INFO The element xpath=>//*[@id="modal-toRegister"]/div[2]/div[1] was clicked.
2021-02-03 13:48:12,495 logger.py[line:50] INFO Had take screenshot and save to folder : \screenshots
2021-02-03 13:48:12,505 logger.py[line:50] INFO Had find the element //*[@id="g-head"]/div/p/a
 successful 
2021-02-03 13:48:15,878 logger.py[line:50] INFO The element xpath=>//*[@id="g-head"]/div/p/a
 was clicked.
2021-02-03 13:48:18,887 logger.py[line:50] INFO Had find the element //*[@id="navigationShowIndex"]/p successful 
