2021-02-01 18:57:54,165 logger.py[line:50] INFO You had select Chrome browser.
2021-02-01 18:57:54,165 logger.py[line:50] INFO The test server url is: https://www.nhtest.com/
2021-02-01 18:57:57,668 logger.py[line:50] INFO Starting Chrome browser.
2021-02-01 18:57:58,384 logger.py[line:50] INFO Open url: https://www.nhtest.com/
2021-02-01 18:58:00,509 logger.py[line:50] INFO Maximize the current window.
2021-02-01 18:58:00,510 logger.py[line:50] INFO Set implicitly wait 10 seconds.
2021-02-01 18:58:00,875 logger.py[line:50] INFO Had take screenshot and save to folder : \screenshots
2021-02-01 18:58:00,900 logger.py[line:50] INFO Had find the element //*[@id="details-button"] successful 
2021-02-01 18:58:00,952 logger.py[line:50] INFO The element xpath=>//*[@id="details-button"] was clicked.
2021-02-01 18:58:04,268 logger.py[line:50] INFO Had take screenshot and save to folder : \screenshots
2021-02-01 18:58:04,296 logger.py[line:50] INFO Had find the element //*[@id="proceed-link"] successful 
2021-02-01 18:58:10,329 logger.py[line:50] INFO The element xpath=>//*[@id="proceed-link"] was clicked.
2021-02-01 18:58:14,147 logger.py[line:50] INFO Had take screenshot and save to folder : \screenshots
2021-02-01 18:58:14,181 logger.py[line:50] INFO Had find the element /html/body/div[1]/div/ul/li[3]/div/span successful 
2021-02-01 18:58:18,440 logger.py[line:50] INFO Had take screenshot and save to folder : \screenshots
2021-02-01 18:58:18,469 logger.py[line:50] INFO Had find the element /html/body/div[1]/div/ul/li[3]/div/span successful 
2021-02-01 18:58:23,788 logger.py[line:50] INFO Had take screenshot and save to folder : \screenshots
2021-02-01 18:58:23,821 logger.py[line:50] INFO Had find the element /html/body/div[1]/div/ul/li[3]/div/div/a[3] successful 
2021-02-01 18:58:24,107 logger.py[line:50] INFO The element xpath=>/html/body/div[1]/div/ul/li[3]/div/div/a[3] was clicked.
2021-02-01 18:58:27,550 logger.py[line:50] INFO Had take screenshot and save to folder : \screenshots
2021-02-01 18:58:27,584 logger.py[line:50] INFO Had find the element //*[@id="email"] successful 
2021-02-01 18:58:27,759 logger.py[line:50] INFO Had type ' 2770488802@qq.com ' in inputBox
2021-02-01 18:58:31,148 logger.py[line:50] INFO Had take screenshot and save to folder : \screenshots
2021-02-01 18:58:31,175 logger.py[line:50] INFO Had find the element //*[@id="password"] successful 
2021-02-01 18:58:31,285 logger.py[line:50] INFO Had type ' 123456 ' in inputBox
2021-02-01 18:58:34,688 logger.py[line:50] INFO Had take screenshot and save to folder : \screenshots
2021-02-01 18:58:34,726 logger.py[line:50] INFO Had find the element ' Login ' successful by id via value: saveButton 
2021-02-01 18:58:39,327 logger.py[line:50] INFO The element id=>saveButton was clicked.
2021-02-01 18:58:42,698 logger.py[line:50] INFO Had take screenshot and save to folder : \screenshots
2021-02-01 18:58:42,730 logger.py[line:50] INFO Had find the element //*[@id="querya"] successful 
2021-02-01 18:58:42,881 logger.py[line:50] INFO Had type ' flower earrings ' in inputBox
2021-02-01 18:58:46,282 logger.py[line:50] INFO Had take screenshot and save to folder : \screenshots
2021-02-01 18:58:51,095 logger.py[line:50] INFO Had take screenshot and save to folder : \screenshots
2021-02-01 18:59:01,118 logger.py[line:53] ERROR NoSuchElementException: Message: no such element: Unable to locate element: {"method":"xpath","selector":"//*[@id="J_Goods_List"]/div[1]/a/div[1]/img"}
  (Session info: chrome=88.0.4324.104)

2021-02-01 18:59:01,682 logger.py[line:50] INFO Had take screenshot and save to folder : \screenshots
