2021-02-03 13:52:40,605 logger.py[line:50] INFO You had select Chrome browser.
2021-02-03 13:52:40,605 logger.py[line:50] INFO The test server url is: https://www.nhtest.com/
2021-02-03 13:52:43,809 logger.py[line:50] INFO Starting Chrome browser.
2021-02-03 13:52:44,081 logger.py[line:50] INFO Open url: https://www.nhtest.com/
2021-02-03 13:52:46,201 logger.py[line:50] INFO Maximize the current window.
2021-02-03 13:52:46,202 logger.py[line:50] INFO Set implicitly wait 10 seconds.
2021-02-03 13:52:46,490 logger.py[line:50] INFO Had take screenshot and save to folder : \screenshots
2021-02-03 13:52:46,499 logger.py[line:50] INFO Had find the element //*[@id="details-button"] successful 
2021-02-03 13:52:46,528 logger.py[line:50] INFO The element xpath=>//*[@id="details-button"] was clicked.
2021-02-03 13:52:49,818 logger.py[line:50] INFO Had take screenshot and save to folder : \screenshots
2021-02-03 13:52:49,827 logger.py[line:50] INFO Had find the element //*[@id="proceed-link"] successful 
2021-02-03 13:53:09,524 logger.py[line:50] INFO The element xpath=>//*[@id="proceed-link"] was clicked.
2021-02-03 13:53:13,043 logger.py[line:50] INFO Had take screenshot and save to folder : \screenshots
2021-02-03 13:53:13,055 logger.py[line:50] INFO Had find the element //*[@id="modal-toRegister"]/div[2]/div[1] successful 
2021-02-03 13:53:13,085 logger.py[line:50] INFO The element xpath=>//*[@id="modal-toRegister"]/div[2]/div[1] was clicked.
2021-02-03 13:53:16,674 logger.py[line:50] INFO Had take screenshot and save to folder : \screenshots
2021-02-03 13:53:16,686 logger.py[line:50] INFO Had find the element //*[@id="g-head"]/div/p/a
 successful 
2021-02-03 13:53:21,214 logger.py[line:50] INFO The element xpath=>//*[@id="g-head"]/div/p/a
 was clicked.
