2021-07-01 17:56:53,615 logger.py[line:50] INFO Open url: https://www.nhtest.com/en/customer/account/login
2021-07-01 17:56:53,733 logger.py[line:50] INFO Maximize the current window.
2021-07-01 17:56:54,156 logger.py[line:50] INFO Had take screenshot and save to folder : \screenshots
2021-07-01 17:56:54,157 logger.py[line:50] INFO Set implicitly wait 10 seconds.
2021-07-01 17:56:57,316 logger.py[line:50] INFO Had take screenshot and save to folder : \screenshots
2021-07-01 17:57:07,334 logger.py[line:53] ERROR NoSuchElementException: Message: no such element: Unable to locate element: {"method":"xpath","selector":"/html/body/div[1]/div/div/a[1]"}
  (Session info: chrome=90.0.4430.212)

2021-07-01 17:57:07,480 logger.py[line:50] INFO Had take screenshot and save to folder : \screenshots
2021-07-01 17:57:07,575 logger.py[line:50] INFO Now, Close and quit the browser.
2021-07-01 17:57:11,690 connectionpool.py[line:662] WARNING Retrying (Retry(total=2, connect=None, read=None, redirect=None, status=None)) after connection broken by 'NewConnectionError('<urllib3.connection.HTTPConnection object at 0x0000020AE06C80B8>: Failed to establish a new connection: [WinError 10061] 由于目标计算机积极拒绝，无法连接。')': /session/c3d1d7821924272daf80c318e58b384a/cookie
2021-07-01 17:57:13,698 connectionpool.py[line:662] WARNING Retrying (Retry(total=1, connect=None, read=None, redirect=None, status=None)) after connection broken by 'NewConnectionError('<urllib3.connection.HTTPConnection object at 0x0000020AE068F7B8>: Failed to establish a new connection: [WinError 10061] 由于目标计算机积极拒绝，无法连接。')': /session/c3d1d7821924272daf80c318e58b384a/cookie
2021-07-01 17:57:15,702 connectionpool.py[line:662] WARNING Retrying (Retry(total=0, connect=None, read=None, redirect=None, status=None)) after connection broken by 'NewConnectionError('<urllib3.connection.HTTPConnection object at 0x0000020AE068F5F8>: Failed to establish a new connection: [WinError 10061] 由于目标计算机积极拒绝，无法连接。')': /session/c3d1d7821924272daf80c318e58b384a/cookie
2021-07-01 17:57:17,870 logger.py[line:50] INFO Now, Close and quit the browser.
2021-07-01 17:57:19,873 connectionpool.py[line:662] WARNING Retrying (Retry(total=2, connect=None, read=None, redirect=None, status=None)) after connection broken by 'NewConnectionError('<urllib3.connection.HTTPConnection object at 0x0000020AE0A70358>: Failed to establish a new connection: [WinError 10061] 由于目标计算机积极拒绝，无法连接。')': /session/c3d1d7821924272daf80c318e58b384a
2021-07-01 17:57:21,875 connectionpool.py[line:662] WARNING Retrying (Retry(total=1, connect=None, read=None, redirect=None, status=None)) after connection broken by 'NewConnectionError('<urllib3.connection.HTTPConnection object at 0x0000020AE0A704E0>: Failed to establish a new connection: [WinError 10061] 由于目标计算机积极拒绝，无法连接。')': /session/c3d1d7821924272daf80c318e58b384a
2021-07-01 17:57:23,878 connectionpool.py[line:662] WARNING Retrying (Retry(total=0, connect=None, read=None, redirect=None, status=None)) after connection broken by 'NewConnectionError('<urllib3.connection.HTTPConnection object at 0x0000020AE0A706D8>: Failed to establish a new connection: [WinError 10061] 由于目标计算机积极拒绝，无法连接。')': /session/c3d1d7821924272daf80c318e58b384a
2021-07-01 17:57:27,887 connectionpool.py[line:662] WARNING Retrying (Retry(total=2, connect=None, read=None, redirect=None, status=None)) after connection broken by 'NewConnectionError('<urllib3.connection.HTTPConnection object at 0x0000020AE0A70518>: Failed to establish a new connection: [WinError 10061] 由于目标计算机积极拒绝，无法连接。')': /session/c3d1d7821924272daf80c318e58b384a/cookie
2021-07-01 17:57:29,889 connectionpool.py[line:662] WARNING Retrying (Retry(total=1, connect=None, read=None, redirect=None, status=None)) after connection broken by 'NewConnectionError('<urllib3.connection.HTTPConnection object at 0x0000020AE0A706A0>: Failed to establish a new connection: [WinError 10061] 由于目标计算机积极拒绝，无法连接。')': /session/c3d1d7821924272daf80c318e58b384a/cookie
2021-07-01 17:57:31,892 connectionpool.py[line:662] WARNING Retrying (Retry(total=0, connect=None, read=None, redirect=None, status=None)) after connection broken by 'NewConnectionError('<urllib3.connection.HTTPConnection object at 0x0000020AE0A70CF8>: Failed to establish a new connection: [WinError 10061] 由于目标计算机积极拒绝，无法连接。')': /session/c3d1d7821924272daf80c318e58b384a/cookie
2021-07-01 17:57:34,015 logger.py[line:50] INFO Now, Close and quit the browser.
2021-07-01 17:57:36,018 connectionpool.py[line:662] WARNING Retrying (Retry(total=2, connect=None, read=None, redirect=None, status=None)) after connection broken by 'NewConnectionError('<urllib3.connection.HTTPConnection object at 0x0000020AE0BAFDD8>: Failed to establish a new connection: [WinError 10061] 由于目标计算机积极拒绝，无法连接。')': /session/c3d1d7821924272daf80c318e58b384a
2021-07-01 17:57:38,020 connectionpool.py[line:662] WARNING Retrying (Retry(total=1, connect=None, read=None, redirect=None, status=None)) after connection broken by 'NewConnectionError('<urllib3.connection.HTTPConnection object at 0x0000020AE0BAF8D0>: Failed to establish a new connection: [WinError 10061] 由于目标计算机积极拒绝，无法连接。')': /session/c3d1d7821924272daf80c318e58b384a
2021-07-01 17:57:40,022 connectionpool.py[line:662] WARNING Retrying (Retry(total=0, connect=None, read=None, redirect=None, status=None)) after connection broken by 'NewConnectionError('<urllib3.connection.HTTPConnection object at 0x0000020AE0BAF390>: Failed to establish a new connection: [WinError 10061] 由于目标计算机积极拒绝，无法连接。')': /session/c3d1d7821924272daf80c318e58b384a
